[0x00000000004000d4] d2800000 (R[8] <- 0xd2800000)(R[0][0] <- 0x0000000000000000)
[0x00000000004000d8] d2800021 (R[8] <- 0xd2800021)(R[0][1] <- 0x0000000000000001)
[0x00000000004000dc] d2800002 (R[8] <- 0xd2800002)(R[0][2] <- 0x0000000000000000)
[0x00000000004000e0] d2800003 (R[8] <- 0xd2800003)(R[0][3] <- 0x0000000000000000)
[0x00000000004000e4] d2800144 (R[8] <- 0xd2800144)(R[0][4] <- 0x000000000000000a)
[0x00000000004000e8] eb04007f (R[8] <- 0xeb04007f)(R[0][3] -> 0x0000000000000000)(R[0][4] -> 0x000000000000000a)(R[3] <- 0x00000001)(R[4] <- 0x00000000)(R[5] <- 0x00000000)(R[6] <- 0x00000000)
[0x00000000004000ec] 540000ca (R[2] <- 0x00000000004000f0)(R[8] <- 0x540000ca)(R[3] -> 0x00000001)(R[6] -> 0x00000000)(R[2] -> 0x00000000004000f0)
[0x00000000004000f0] 8b010002 (R[8] <- 0x8b010002)(R[0][0] -> 0x0000000000000000)(R[0][1] -> 0x0000000000000001)(R[0][2] <- 0x0000000000000001)
[0x00000000004000f4] aa0103e0 (R[8] <- 0xaa0103e0)(R[0][1] -> 0x0000000000000001)(R[0][0] <- 0x0000000000000001)
[0x00000000004000f8] aa0203e1 (R[8] <- 0xaa0203e1)(R[0][2] -> 0x0000000000000001)(R[0][1] <- 0x0000000000000001)
[0x00000000004000fc] 91000463 (R[8] <- 0x91000463)(R[0][3] -> 0x0000000000000000)(R[0][3] <- 0x0000000000000001)
[0x0000000000400100] 17fffffa (R[2] <- 0x0000000000400104)(R[8] <- 0x17fffffa)(R[2] <- 0x00000000004000e8)(R[2] -> 0x00000000004000e8)
[0x00000000004000e8] eb04007f (R[8] <- 0xeb04007f)(R[0][3] -> 0x0000000000000001)(R[0][4] -> 0x000000000000000a)(R[3] <- 0x00000001)(R[4] <- 0x00000000)(R[5] <- 0x00000000)(R[6] <- 0x00000000)
[0x00000000004000ec] 540000ca (R[2] <- 0x00000000004000f0)(R[8] <- 0x540000ca)(R[3] -> 0x00000001)(R[6] -> 0x00000000)(R[2] -> 0x00000000004000f0)
[0x00000000004000f0] 8b010002 (R[8] <- 0x8b010002)(R[0][0] -> 0x0000000000000001)(R[0][1] -> 0x0000000000000001)(R[0][2] <- 0x0000000000000002)
[0x00000000004000f4] aa0103e0 (R[8] <- 0xaa0103e0)(R[0][1] -> 0x0000000000000001)(R[0][0] <- 0x0000000000000001)
[0x00000000004000f8] aa0203e1 (R[8] <- 0xaa0203e1)(R[0][2] -> 0x0000000000000002)(R[0][1] <- 0x0000000000000002)
[0x00000000004000fc] 91000463 (R[8] <- 0x91000463)(R[0][3] -> 0x0000000000000001)(R[0][3] <- 0x0000000000000002)
[0x0000000000400100] 17fffffa (R[2] <- 0x0000000000400104)(R[8] <- 0x17fffffa)(R[2] <- 0x00000000004000e8)(R[2] -> 0x00000000004000e8)
[0x00000000004000e8] eb04007f (R[8] <- 0xeb04007f)(R[0][3] -> 0x0000000000000002)(R[0][4] -> 0x000000000000000a)(R[3] <- 0x00000001)(R[4] <- 0x00000000)(R[5] <- 0x00000000)(R[6] <- 0x00000000)
[0x00000000004000ec] 540000ca (R[2] <- 0x00000000004000f0)(R[8] <- 0x540000ca)(R[3] -> 0x00000001)(R[6] -> 0x00000000)(R[2] -> 0x00000000004000f0)
[0x00000000004000f0] 8b010002 (R[8] <- 0x8b010002)(R[0][0] -> 0x0000000000000001)(R[0][1] -> 0x0000000000000002)(R[0][2] <- 0x0000000000000003)
[0x00000000004000f4] aa0103e0 (R[8] <- 0xaa0103e0)(R[0][1] -> 0x0000000000000002)(R[0][0] <- 0x0000000000000002)
[0x00000000004000f8] aa0203e1 (R[8] <- 0xaa0203e1)(R[0][2] -> 0x0000000000000003)(R[0][1] <- 0x0000000000000003)
[0x00000000004000fc] 91000463 (R[8] <- 0x91000463)(R[0][3] -> 0x0000000000000002)(R[0][3] <- 0x0000000000000003)
[0x0000000000400100] 17fffffa (R[2] <- 0x0000000000400104)(R[8] <- 0x17fffffa)(R[2] <- 0x00000000004000e8)(R[2] -> 0x00000000004000e8)
[0x00000000004000e8] eb04007f (R[8] <- 0xeb04007f)(R[0][3] -> 0x0000000000000003)(R[0][4] -> 0x000000000000000a)(R[3] <- 0x00000001)(R[4] <- 0x00000000)(R[5] <- 0x00000000)(R[6] <- 0x00000000)
[0x00000000004000ec] 540000ca (R[2] <- 0x00000000004000f0)(R[8] <- 0x540000ca)(R[3] -> 0x00000001)(R[6] -> 0x00000000)(R[2] -> 0x00000000004000f0)
[0x00000000004000f0] 8b010002 (R[8] <- 0x8b010002)(R[0][0] -> 0x0000000000000002)(R[0][1] -> 0x0000000000000003)(R[0][2] <- 0x0000000000000005)
[0x00000000004000f4] aa0103e0 (R[8] <- 0xaa0103e0)(R[0][1] -> 0x0000000000000003)(R[0][0] <- 0x0000000000000003)
[0x00000000004000f8] aa0203e1 (R[8] <- 0xaa0203e1)(R[0][2] -> 0x0000000000000005)(R[0][1] <- 0x0000000000000005)
[0x00000000004000fc] 91000463 (R[8] <- 0x91000463)(R[0][3] -> 0x0000000000000003)(R[0][3] <- 0x0000000000000004)
[0x0000000000400100] 17fffffa (R[2] <- 0x0000000000400104)(R[8] <- 0x17fffffa)(R[2] <- 0x00000000004000e8)(R[2] -> 0x00000000004000e8)
[0x00000000004000e8] eb04007f (R[8] <- 0xeb04007f)(R[0][3] -> 0x0000000000000004)(R[0][4] -> 0x000000000000000a)(R[3] <- 0x00000001)(R[4] <- 0x00000000)(R[5] <- 0x00000000)(R[6] <- 0x00000000)
[0x00000000004000ec] 540000ca (R[2] <- 0x00000000004000f0)(R[8] <- 0x540000ca)(R[3] -> 0x00000001)(R[6] -> 0x00000000)(R[2] -> 0x00000000004000f0)
[0x00000000004000f0] 8b010002 (R[8] <- 0x8b010002)(R[0][0] -> 0x0000000000000003)(R[0][1] -> 0x0000000000000005)(R[0][2] <- 0x0000000000000008)
[0x00000000004000f4] aa0103e0 (R[8] <- 0xaa0103e0)(R[0][1] -> 0x0000000000000005)(R[0][0] <- 0x0000000000000005)
[0x00000000004000f8] aa0203e1 (R[8] <- 0xaa0203e1)(R[0][2] -> 0x0000000000000008)(R[0][1] <- 0x0000000000000008)
[0x00000000004000fc] 91000463 (R[8] <- 0x91000463)(R[0][3] -> 0x0000000000000004)(R[0][3] <- 0x0000000000000005)
[0x0000000000400100] 17fffffa (R[2] <- 0x0000000000400104)(R[8] <- 0x17fffffa)(R[2] <- 0x00000000004000e8)(R[2] -> 0x00000000004000e8)
[0x00000000004000e8] eb04007f (R[8] <- 0xeb04007f)(R[0][3] -> 0x0000000000000005)(R[0][4] -> 0x000000000000000a)(R[3] <- 0x00000001)(R[4] <- 0x00000000)(R[5] <- 0x00000000)(R[6] <- 0x00000000)
[0x00000000004000ec] 540000ca (R[2] <- 0x00000000004000f0)(R[8] <- 0x540000ca)(R[3] -> 0x00000001)(R[6] -> 0x00000000)(R[2] -> 0x00000000004000f0)
[0x00000000004000f0] 8b010002 (R[8] <- 0x8b010002)(R[0][0] -> 0x0000000000000005)(R[0][1] -> 0x0000000000000008)(R[0][2] <- 0x000000000000000d)
[0x00000000004000f4] aa0103e0 (R[8] <- 0xaa0103e0)(R[0][1] -> 0x0000000000000008)(R[0][0] <- 0x0000000000000008)
[0x00000000004000f8] aa0203e1 (R[8] <- 0xaa0203e1)(R[0][2] -> 0x000000000000000d)(R[0][1] <- 0x000000000000000d)
[0x00000000004000fc] 91000463 (R[8] <- 0x91000463)(R[0][3] -> 0x0000000000000005)(R[0][3] <- 0x0000000000000006)
[0x0000000000400100] 17fffffa (R[2] <- 0x0000000000400104)(R[8] <- 0x17fffffa)(R[2] <- 0x00000000004000e8)(R[2] -> 0x00000000004000e8)
[0x00000000004000e8] eb04007f (R[8] <- 0xeb04007f)(R[0][3] -> 0x0000000000000006)(R[0][4] -> 0x000000000000000a)(R[3] <- 0x00000001)(R[4] <- 0x00000000)(R[5] <- 0x00000000)(R[6] <- 0x00000000)
[0x00000000004000ec] 540000ca (R[2] <- 0x00000000004000f0)(R[8] <- 0x540000ca)(R[3] -> 0x00000001)(R[6] -> 0x00000000)(R[2] -> 0x00000000004000f0)
[0x00000000004000f0] 8b010002 (R[8] <- 0x8b010002)(R[0][0] -> 0x0000000000000008)(R[0][1] -> 0x000000000000000d)(R[0][2] <- 0x0000000000000015)
[0x00000000004000f4] aa0103e0 (R[8] <- 0xaa0103e0)(R[0][1] -> 0x000000000000000d)(R[0][0] <- 0x000000000000000d)
[0x00000000004000f8] aa0203e1 (R[8] <- 0xaa0203e1)(R[0][2] -> 0x0000000000000015)(R[0][1] <- 0x0000000000000015)
[0x00000000004000fc] 91000463 (R[8] <- 0x91000463)(R[0][3] -> 0x0000000000000006)(R[0][3] <- 0x0000000000000007)
[0x0000000000400100] 17fffffa (R[2] <- 0x0000000000400104)(R[8] <- 0x17fffffa)(R[2] <- 0x00000000004000e8)(R[2] -> 0x00000000004000e8)
[0x00000000004000e8] eb04007f (R[8] <- 0xeb04007f)(R[0][3] -> 0x0000000000000007)(R[0][4] -> 0x000000000000000a)(R[3] <- 0x00000001)(R[4] <- 0x00000000)(R[5] <- 0x00000000)(R[6] <- 0x00000000)
[0x00000000004000ec] 540000ca (R[2] <- 0x00000000004000f0)(R[8] <- 0x540000ca)(R[3] -> 0x00000001)(R[6] -> 0x00000000)(R[2] -> 0x00000000004000f0)
[0x00000000004000f0] 8b010002 (R[8] <- 0x8b010002)(R[0][0] -> 0x000000000000000d)(R[0][1] -> 0x0000000000000015)(R[0][2] <- 0x0000000000000022)
[0x00000000004000f4] aa0103e0 (R[8] <- 0xaa0103e0)(R[0][1] -> 0x0000000000000015)(R[0][0] <- 0x0000000000000015)
[0x00000000004000f8] aa0203e1 (R[8] <- 0xaa0203e1)(R[0][2] -> 0x0000000000000022)(R[0][1] <- 0x0000000000000022)
[0x00000000004000fc] 91000463 (R[8] <- 0x91000463)(R[0][3] -> 0x0000000000000007)(R[0][3] <- 0x0000000000000008)
[0x0000000000400100] 17fffffa (R[2] <- 0x0000000000400104)(R[8] <- 0x17fffffa)(R[2] <- 0x00000000004000e8)(R[2] -> 0x00000000004000e8)
[0x00000000004000e8] eb04007f (R[8] <- 0xeb04007f)(R[0][3] -> 0x0000000000000008)(R[0][4] -> 0x000000000000000a)(R[3] <- 0x00000001)(R[4] <- 0x00000000)(R[5] <- 0x00000000)(R[6] <- 0x00000000)
[0x00000000004000ec] 540000ca (R[2] <- 0x00000000004000f0)(R[8] <- 0x540000ca)(R[3] -> 0x00000001)(R[6] -> 0x00000000)(R[2] -> 0x00000000004000f0)
[0x00000000004000f0] 8b010002 (R[8] <- 0x8b010002)(R[0][0] -> 0x0000000000000015)(R[0][1] -> 0x0000000000000022)(R[0][2] <- 0x0000000000000037)
[0x00000000004000f4] aa0103e0 (R[8] <- 0xaa0103e0)(R[0][1] -> 0x0000000000000022)(R[0][0] <- 0x0000000000000022)
[0x00000000004000f8] aa0203e1 (R[8] <- 0xaa0203e1)(R[0][2] -> 0x0000000000000037)(R[0][1] <- 0x0000000000000037)
[0x00000000004000fc] 91000463 (R[8] <- 0x91000463)(R[0][3] -> 0x0000000000000008)(R[0][3] <- 0x0000000000000009)
[0x0000000000400100] 17fffffa (R[2] <- 0x0000000000400104)(R[8] <- 0x17fffffa)(R[2] <- 0x00000000004000e8)(R[2] -> 0x00000000004000e8)
[0x00000000004000e8] eb04007f (R[8] <- 0xeb04007f)(R[0][3] -> 0x0000000000000009)(R[0][4] -> 0x000000000000000a)(R[3] <- 0x00000001)(R[4] <- 0x00000000)(R[5] <- 0x00000000)(R[6] <- 0x00000000)
[0x00000000004000ec] 540000ca (R[2] <- 0x00000000004000f0)(R[8] <- 0x540000ca)(R[3] -> 0x00000001)(R[6] -> 0x00000000)(R[2] -> 0x00000000004000f0)
[0x00000000004000f0] 8b010002 (R[8] <- 0x8b010002)(R[0][0] -> 0x0000000000000022)(R[0][1] -> 0x0000000000000037)(R[0][2] <- 0x0000000000000059)
[0x00000000004000f4] aa0103e0 (R[8] <- 0xaa0103e0)(R[0][1] -> 0x0000000000000037)(R[0][0] <- 0x0000000000000037)
[0x00000000004000f8] aa0203e1 (R[8] <- 0xaa0203e1)(R[0][2] -> 0x0000000000000059)(R[0][1] <- 0x0000000000000059)
[0x00000000004000fc] 91000463 (R[8] <- 0x91000463)(R[0][3] -> 0x0000000000000009)(R[0][3] <- 0x000000000000000a)
[0x0000000000400100] 17fffffa (R[2] <- 0x0000000000400104)(R[8] <- 0x17fffffa)(R[2] <- 0x00000000004000e8)(R[2] -> 0x00000000004000e8)
[0x00000000004000e8] eb04007f (R[8] <- 0xeb04007f)(R[0][3] -> 0x000000000000000a)(R[0][4] -> 0x000000000000000a)(R[3] <- 0x00000000)(R[4] <- 0x00000001)(R[5] <- 0x00000000)(R[6] <- 0x00000000)
[0x00000000004000ec] 540000ca (R[2] <- 0x00000000004000f0)(R[8] <- 0x540000ca)(R[3] -> 0x00000000)(R[6] -> 0x00000000)(R[2] <- 0x0000000000400104)(R[2] -> 0x0000000000400104)
[0x0000000000400104] aa0203e0 (R[8] <- 0xaa0203e0)(R[0][2] -> 0x0000000000000059)(R[0][0] <- 0x0000000000000059)
[0x0000000000400108] d2800000 (R[8] <- 0xd2800000)(R[0][0] <- 0x0000000000000000)
[0x000000000040010c] 52800ba8 (R[8] <- 0x52800ba8)(R[0][8] <- 0x000000000000005d)
[0x0000000000400110] d4000001 (R[2] <- 0x0000000000400114)(R[8] <- 0xd4000001)(R[2] -> 0x0000000000400114)
(end of valid stream)
